<?xml version="1.0" encoding="UTF-8"?>
<testng-results ignored="0" total="3" passed="0" failed="3" skipped="0">
  <reporter-output>
    <line>
      <![CDATA[=====Browser Session Started=====]]>
    </line>
    <line>
      <![CDATA[No. of Total product in this page::: 30]]>
    </line>
    <line>
      <![CDATA[MEN'S SPACEX T-SHIRT               
$30.00]]>
    </line>
    <line>
      <![CDATA[SPACEX WATER BOTTLE               
$35.00]]>
    </line>
    <line>
      <![CDATA[SPACEX CAP               
$25.00]]>
    </line>
    <line>
      <![CDATA[SPACEX F9 MODEL               
$150.00]]>
    </line>
    <line>
      <![CDATA[MEN'S SPACEX POLO               
$40.00]]>
    </line>
    <line>
      <![CDATA[UNISEX SPACEX PULLOVER HOODIE               
$50.00]]>
    </line>
    <line>
      <![CDATA[UNISEX SPACEX ZIPPER HOODIE               
$50.00]]>
    </line>
    <line>
      <![CDATA[UNISEX SPACEX SWEATSHIRT               
$45.00]]>
    </line>
    <line>
      <![CDATA[KID'S SPACEX SPACESUIT ONESIE               
$45.00]]>
    </line>
    <line>
      <![CDATA[SPACEX JOURNAL               
$30.00]]>
    </line>
    <line>
      <![CDATA[SPACEX ONESIE               
$15.00]]>
    </line>
    <line>
      <![CDATA[KID'S SPACEX T-SHIRT               
$20.00]]>
    </line>
    <line>
      <![CDATA[WOMEN'S SPACEX POLO               
$40.00]]>
    </line>
    <line>
      <![CDATA[KID'S SPACEX ZIPPER HOODIE               
$28.00]]>
    </line>
    <line>
      <![CDATA[SPACEX STARSHIP STACK METAL ART PRINT               
$499.00]]>
    </line>
    <line>
      <![CDATA[KID'S SPACEX PULLOVER HOODIE               
$28.00]]>
    </line>
    <line>
      <![CDATA[STARSHIP TORCH PRE-SALE               
$175.00]]>
    </line>
    <line>
      <![CDATA[MEN'S STARSHIP TEST FLIGHT T-SHIRT               
$30.00]]>
    </line>
    <line>
      <![CDATA[UNISEX STARSHIP SCHEMATIC T-SHIRT               
$30.00]]>
    </line>
    <line>
      <![CDATA[REMOVE BEFORE FLIGHT KEY CHAINS               
$15.00]]>
    </line>
    <line>
      <![CDATA[UNISEX RAPTOR SCHEMATIC T-SHIRT               
$30.00]]>
    </line>
    <line>
      <![CDATA[UNISEX STARSHIP HEATSHIELD PULLOVER HOODIE               
$65.00]]>
    </line>
    <line>
      <![CDATA[STARSHIP ADJUSTABLE CAP               
$25.00]]>
    </line>
    <line>
      <![CDATA[WOMEN'S STARSHIP TEST FLIGHT T-SHIRT               
$30.00]]>
    </line>
    <line>
      <![CDATA[KID'S STARSHIP TEST FLIGHT T-SHIRT               
$20.00]]>
    </line>
    <line>
      <![CDATA[OCCUPY MARS "HEAT SENSITIVE" TERRAFORMING MUG               
$20.00]]>
    </line>
    <line>
      <![CDATA[REMOVE BEFORE FLIGHT KEY CHAINS               
$15.00]]>
    </line>
    <line>
      <![CDATA[STARSHIP STACK POSTER               
$20.00]]>
    </line>
    <line>
      <![CDATA[STARLINK STICKER PACK               
$15.00]]>
    </line>
    <line>
      <![CDATA[STARLINK ADJUSTABLE CAP               
$25.00]]>
    </line>
    <line>
      <![CDATA[=====Browser Session End=====]]>
    </line>
  </reporter-output>
  <suite started-at="2023-05-31T00:07:07 IST" name="Default suite" finished-at="2023-05-31T00:08:33 IST" duration-ms="86845">
    <groups>
    </groups>
    <test started-at="2023-05-31T00:07:07 IST" name="Default test" finished-at="2023-05-31T00:08:33 IST" duration-ms="86845">
      <class name="driverFactory.TestDrive">
        <test-method is-config="true" signature="setup()[pri:0, instance:driverFactory.TestDrive@61322f9d]" started-at="2023-05-31T00:07:07 IST" name="setup" finished-at="2023-05-31T00:07:46 IST" duration-ms="39020" status="PASS">
          <reporter-output>
            <line>
              <![CDATA[=====Browser Session Started=====]]>
            </line>
          </reporter-output>
        </test-method> <!-- setup -->
        <test-method signature="ProductVerification()[pri:0, instance:driverFactory.TestDrive@61322f9d]" started-at="2023-05-31T00:07:46 IST" name="ProductVerification" description="Test Get API and Validate Content" finished-at="2023-05-31T00:08:10 IST" duration-ms="24393" status="FAIL">
          <exception class="org.openqa.selenium.NoSuchElementException">
            <message>
              <![CDATA[no such element: Unable to locate element: {"method":"xpath","selector":"(//h1[normalize-space()="Men's SpaceX Polo"])[1]"}
  (Session info: chrome=113.0.5672.127)
For documentation on this error, please visit: http://seleniumhq.org/exceptions/no_such_element.html
Build info: version: '3.14.0', revision: 'aacccce0', time: '2018-08-02T20:19:58.91Z'
System info: host: 'MUKESH-PC', ip: '192.168.252.230', os.name: 'Windows 10', os.arch: 'amd64', os.version: '10.0', java.version: '19.0.2'
Driver info: org.openqa.selenium.chrome.ChromeDriver
Capabilities {acceptInsecureCerts: false, browserName: chrome, browserVersion: 113.0.5672.127, chrome: {chromedriverVersion: 113.0.5672.63 (0e1a4471d5ae..., userDataDir: C:\Users\MUKESH\AppData\Loc...}, goog:chromeOptions: {debuggerAddress: localhost:53998}, javascriptEnabled: true, networkConnectionEnabled: false, pageLoadStrategy: normal, platform: WINDOWS, platformName: WINDOWS, proxy: Proxy(), setWindowRect: true, strictFileInteractability: false, timeouts: {implicit: 0, pageLoad: 300000, script: 30000}, unhandledPromptBehavior: dismiss and notify, webauthn:extension:credBlob: true, webauthn:extension:largeBlob: true, webauthn:extension:minPinLength: true, webauthn:extension:prf: true, webauthn:virtualAuthenticators: true}
Session ID: ea0f07147ca0891aec38005ed53ac2ec
*** Element info: {Using=xpath, value=(//h1[normalize-space()="Men's SpaceX Polo"])[1]}]]>
            </message>
            <full-stacktrace>
              <![CDATA[org.openqa.selenium.NoSuchElementException: no such element: Unable to locate element: {"method":"xpath","selector":"(//h1[normalize-space()="Men's SpaceX Polo"])[1]"}
  (Session info: chrome=113.0.5672.127)
For documentation on this error, please visit: http://seleniumhq.org/exceptions/no_such_element.html
Build info: version: '3.14.0', revision: 'aacccce0', time: '2018-08-02T20:19:58.91Z'
System info: host: 'MUKESH-PC', ip: '192.168.252.230', os.name: 'Windows 10', os.arch: 'amd64', os.version: '10.0', java.version: '19.0.2'
Driver info: org.openqa.selenium.chrome.ChromeDriver
Capabilities {acceptInsecureCerts: false, browserName: chrome, browserVersion: 113.0.5672.127, chrome: {chromedriverVersion: 113.0.5672.63 (0e1a4471d5ae..., userDataDir: C:\Users\MUKESH\AppData\Loc...}, goog:chromeOptions: {debuggerAddress: localhost:53998}, javascriptEnabled: true, networkConnectionEnabled: false, pageLoadStrategy: normal, platform: WINDOWS, platformName: WINDOWS, proxy: Proxy(), setWindowRect: true, strictFileInteractability: false, timeouts: {implicit: 0, pageLoad: 300000, script: 30000}, unhandledPromptBehavior: dismiss and notify, webauthn:extension:credBlob: true, webauthn:extension:largeBlob: true, webauthn:extension:minPinLength: true, webauthn:extension:prf: true, webauthn:virtualAuthenticators: true}
Session ID: ea0f07147ca0891aec38005ed53ac2ec
*** Element info: {Using=xpath, value=(//h1[normalize-space()="Men's SpaceX Polo"])[1]}
at java.base/jdk.internal.reflect.DirectConstructorHandleAccessor.newInstance(DirectConstructorHandleAccessor.java:67)
at java.base/java.lang.reflect.Constructor.newInstanceWithCaller(Constructor.java:500)
at java.base/java.lang.reflect.Constructor.newInstance(Constructor.java:484)
at org.openqa.selenium.remote.http.W3CHttpResponseCodec.createException(W3CHttpResponseCodec.java:187)
at org.openqa.selenium.remote.http.W3CHttpResponseCodec.decode(W3CHttpResponseCodec.java:122)
at org.openqa.selenium.remote.http.W3CHttpResponseCodec.decode(W3CHttpResponseCodec.java:49)
at org.openqa.selenium.remote.HttpCommandExecutor.execute(HttpCommandExecutor.java:158)
at org.openqa.selenium.remote.service.DriverCommandExecutor.execute(DriverCommandExecutor.java:83)
at org.openqa.selenium.remote.RemoteWebDriver.execute(RemoteWebDriver.java:548)
at org.openqa.selenium.remote.RemoteWebDriver.findElement(RemoteWebDriver.java:322)
at org.openqa.selenium.remote.RemoteWebDriver.findElementByXPath(RemoteWebDriver.java:424)
at org.openqa.selenium.By$ByXPath.findElement(By.java:353)
at org.openqa.selenium.remote.RemoteWebDriver.findElement(RemoteWebDriver.java:314)
at org.openqa.selenium.support.pagefactory.DefaultElementLocator.findElement(DefaultElementLocator.java:69)
at org.openqa.selenium.support.pagefactory.internal.LocatingElementHandler.invoke(LocatingElementHandler.java:38)
at jdk.proxy2/jdk.proxy2.$Proxy12.getText(Unknown Source)
at commonFunction.SearchPage.verify_product(SearchPage.java:51)
at driverFactory.TestDrive.ProductVerification(TestDrive.java:19)
at java.base/jdk.internal.reflect.DirectMethodHandleAccessor.invoke(DirectMethodHandleAccessor.java:104)
at java.base/java.lang.reflect.Method.invoke(Method.java:578)
at org.testng.internal.MethodInvocationHelper.invokeMethod(MethodInvocationHelper.java:133)
at org.testng.internal.TestInvoker.invokeMethod(TestInvoker.java:598)
at org.testng.internal.TestInvoker.invokeTestMethod(TestInvoker.java:173)
at org.testng.internal.MethodRunner.runInSequence(MethodRunner.java:46)
at org.testng.internal.TestInvoker$MethodInvocationAgent.invoke(TestInvoker.java:824)
at org.testng.internal.TestInvoker.invokeTestMethods(TestInvoker.java:146)
at org.testng.internal.TestMethodWorker.invokeTestMethods(TestMethodWorker.java:146)
at org.testng.internal.TestMethodWorker.run(TestMethodWorker.java:128)
at java.base/java.util.ArrayList.forEach(ArrayList.java:1511)
at org.testng.TestRunner.privateRun(TestRunner.java:794)
at org.testng.TestRunner.run(TestRunner.java:596)
at org.testng.SuiteRunner.runTest(SuiteRunner.java:377)
at org.testng.SuiteRunner.runSequentially(SuiteRunner.java:371)
at org.testng.SuiteRunner.privateRun(SuiteRunner.java:332)
at org.testng.SuiteRunner.run(SuiteRunner.java:276)
at org.testng.SuiteRunnerWorker.runSuite(SuiteRunnerWorker.java:53)
at org.testng.SuiteRunnerWorker.run(SuiteRunnerWorker.java:96)
at org.testng.TestNG.runSuitesSequentially(TestNG.java:1212)
at org.testng.TestNG.runSuitesLocally(TestNG.java:1134)
at org.testng.TestNG.runSuites(TestNG.java:1063)
at org.testng.TestNG.run(TestNG.java:1031)
at org.testng.remote.AbstractRemoteTestNG.run(AbstractRemoteTestNG.java:115)
at org.testng.remote.RemoteTestNG.initAndRun(RemoteTestNG.java:251)
at org.testng.remote.RemoteTestNG.main(RemoteTestNG.java:77)
]]>
            </full-stacktrace>
          </exception> <!-- org.openqa.selenium.NoSuchElementException -->
          <reporter-output>
            <line>
              <![CDATA[No. of Total product in this page::: 30]]>
            </line>
            <line>
              <![CDATA[MEN'S SPACEX T-SHIRT               
$30.00]]>
            </line>
            <line>
              <![CDATA[SPACEX WATER BOTTLE               
$35.00]]>
            </line>
            <line>
              <![CDATA[SPACEX CAP               
$25.00]]>
            </line>
            <line>
              <![CDATA[SPACEX F9 MODEL               
$150.00]]>
            </line>
            <line>
              <![CDATA[MEN'S SPACEX POLO               
$40.00]]>
            </line>
            <line>
              <![CDATA[UNISEX SPACEX PULLOVER HOODIE               
$50.00]]>
            </line>
            <line>
              <![CDATA[UNISEX SPACEX ZIPPER HOODIE               
$50.00]]>
            </line>
            <line>
              <![CDATA[UNISEX SPACEX SWEATSHIRT               
$45.00]]>
            </line>
            <line>
              <![CDATA[KID'S SPACEX SPACESUIT ONESIE               
$45.00]]>
            </line>
            <line>
              <![CDATA[SPACEX JOURNAL               
$30.00]]>
            </line>
            <line>
              <![CDATA[SPACEX ONESIE               
$15.00]]>
            </line>
            <line>
              <![CDATA[KID'S SPACEX T-SHIRT               
$20.00]]>
            </line>
            <line>
              <![CDATA[WOMEN'S SPACEX POLO               
$40.00]]>
            </line>
            <line>
              <![CDATA[KID'S SPACEX ZIPPER HOODIE               
$28.00]]>
            </line>
            <line>
              <![CDATA[SPACEX STARSHIP STACK METAL ART PRINT               
$499.00]]>
            </line>
            <line>
              <![CDATA[KID'S SPACEX PULLOVER HOODIE               
$28.00]]>
            </line>
            <line>
              <![CDATA[STARSHIP TORCH PRE-SALE               
$175.00]]>
            </line>
            <line>
              <![CDATA[MEN'S STARSHIP TEST FLIGHT T-SHIRT               
$30.00]]>
            </line>
            <line>
              <![CDATA[UNISEX STARSHIP SCHEMATIC T-SHIRT               
$30.00]]>
            </line>
            <line>
              <![CDATA[REMOVE BEFORE FLIGHT KEY CHAINS               
$15.00]]>
            </line>
            <line>
              <![CDATA[UNISEX RAPTOR SCHEMATIC T-SHIRT               
$30.00]]>
            </line>
            <line>
              <![CDATA[UNISEX STARSHIP HEATSHIELD PULLOVER HOODIE               
$65.00]]>
            </line>
            <line>
              <![CDATA[STARSHIP ADJUSTABLE CAP               
$25.00]]>
            </line>
            <line>
              <![CDATA[WOMEN'S STARSHIP TEST FLIGHT T-SHIRT               
$30.00]]>
            </line>
            <line>
              <![CDATA[KID'S STARSHIP TEST FLIGHT T-SHIRT               
$20.00]]>
            </line>
            <line>
              <![CDATA[OCCUPY MARS "HEAT SENSITIVE" TERRAFORMING MUG               
$20.00]]>
            </line>
            <line>
              <![CDATA[REMOVE BEFORE FLIGHT KEY CHAINS               
$15.00]]>
            </line>
            <line>
              <![CDATA[STARSHIP STACK POSTER               
$20.00]]>
            </line>
            <line>
              <![CDATA[STARLINK STICKER PACK               
$15.00]]>
            </line>
            <line>
              <![CDATA[STARLINK ADJUSTABLE CAP               
$25.00]]>
            </line>
          </reporter-output>
        </test-method> <!-- ProductVerification -->
        <test-method signature="addQuantity()[pri:1, instance:driverFactory.TestDrive@61322f9d]" started-at="2023-05-31T00:08:10 IST" name="addQuantity" description="Shop SpaceX-Search, Add to Cart" finished-at="2023-05-31T00:08:20 IST" duration-ms="10113" status="FAIL">
          <exception class="org.openqa.selenium.NoSuchElementException">
            <message>
              <![CDATA[no such element: Unable to locate element: {"method":"xpath","selector":"//strong[normalize-space()='Embroidered SpaceX logo']"}
  (Session info: chrome=113.0.5672.127)
For documentation on this error, please visit: http://seleniumhq.org/exceptions/no_such_element.html
Build info: version: '3.14.0', revision: 'aacccce0', time: '2018-08-02T20:19:58.91Z'
System info: host: 'MUKESH-PC', ip: '192.168.252.230', os.name: 'Windows 10', os.arch: 'amd64', os.version: '10.0', java.version: '19.0.2'
Driver info: org.openqa.selenium.chrome.ChromeDriver
Capabilities {acceptInsecureCerts: false, browserName: chrome, browserVersion: 113.0.5672.127, chrome: {chromedriverVersion: 113.0.5672.63 (0e1a4471d5ae..., userDataDir: C:\Users\MUKESH\AppData\Loc...}, goog:chromeOptions: {debuggerAddress: localhost:53998}, javascriptEnabled: true, networkConnectionEnabled: false, pageLoadStrategy: normal, platform: WINDOWS, platformName: WINDOWS, proxy: Proxy(), setWindowRect: true, strictFileInteractability: false, timeouts: {implicit: 0, pageLoad: 300000, script: 30000}, unhandledPromptBehavior: dismiss and notify, webauthn:extension:credBlob: true, webauthn:extension:largeBlob: true, webauthn:extension:minPinLength: true, webauthn:extension:prf: true, webauthn:virtualAuthenticators: true}
Session ID: ea0f07147ca0891aec38005ed53ac2ec
*** Element info: {Using=xpath, value=//strong[normalize-space()='Embroidered SpaceX logo']}]]>
            </message>
            <full-stacktrace>
              <![CDATA[org.openqa.selenium.NoSuchElementException: no such element: Unable to locate element: {"method":"xpath","selector":"//strong[normalize-space()='Embroidered SpaceX logo']"}
  (Session info: chrome=113.0.5672.127)
For documentation on this error, please visit: http://seleniumhq.org/exceptions/no_such_element.html
Build info: version: '3.14.0', revision: 'aacccce0', time: '2018-08-02T20:19:58.91Z'
System info: host: 'MUKESH-PC', ip: '192.168.252.230', os.name: 'Windows 10', os.arch: 'amd64', os.version: '10.0', java.version: '19.0.2'
Driver info: org.openqa.selenium.chrome.ChromeDriver
Capabilities {acceptInsecureCerts: false, browserName: chrome, browserVersion: 113.0.5672.127, chrome: {chromedriverVersion: 113.0.5672.63 (0e1a4471d5ae..., userDataDir: C:\Users\MUKESH\AppData\Loc...}, goog:chromeOptions: {debuggerAddress: localhost:53998}, javascriptEnabled: true, networkConnectionEnabled: false, pageLoadStrategy: normal, platform: WINDOWS, platformName: WINDOWS, proxy: Proxy(), setWindowRect: true, strictFileInteractability: false, timeouts: {implicit: 0, pageLoad: 300000, script: 30000}, unhandledPromptBehavior: dismiss and notify, webauthn:extension:credBlob: true, webauthn:extension:largeBlob: true, webauthn:extension:minPinLength: true, webauthn:extension:prf: true, webauthn:virtualAuthenticators: true}
Session ID: ea0f07147ca0891aec38005ed53ac2ec
*** Element info: {Using=xpath, value=//strong[normalize-space()='Embroidered SpaceX logo']}
at java.base/jdk.internal.reflect.DirectConstructorHandleAccessor.newInstance(DirectConstructorHandleAccessor.java:67)
at java.base/java.lang.reflect.Constructor.newInstanceWithCaller(Constructor.java:500)
at java.base/java.lang.reflect.Constructor.newInstance(Constructor.java:484)
at org.openqa.selenium.remote.http.W3CHttpResponseCodec.createException(W3CHttpResponseCodec.java:187)
at org.openqa.selenium.remote.http.W3CHttpResponseCodec.decode(W3CHttpResponseCodec.java:122)
at org.openqa.selenium.remote.http.W3CHttpResponseCodec.decode(W3CHttpResponseCodec.java:49)
at org.openqa.selenium.remote.HttpCommandExecutor.execute(HttpCommandExecutor.java:158)
at org.openqa.selenium.remote.service.DriverCommandExecutor.execute(DriverCommandExecutor.java:83)
at org.openqa.selenium.remote.RemoteWebDriver.execute(RemoteWebDriver.java:548)
at org.openqa.selenium.remote.RemoteWebDriver.findElement(RemoteWebDriver.java:322)
at org.openqa.selenium.remote.RemoteWebDriver.findElementByXPath(RemoteWebDriver.java:424)
at org.openqa.selenium.By$ByXPath.findElement(By.java:353)
at org.openqa.selenium.remote.RemoteWebDriver.findElement(RemoteWebDriver.java:314)
at commonFunction.Product.verifyProductDetails(Product.java:23)
at driverFactory.TestDrive.addQuantity(TestDrive.java:27)
at java.base/jdk.internal.reflect.DirectMethodHandleAccessor.invoke(DirectMethodHandleAccessor.java:104)
at java.base/java.lang.reflect.Method.invoke(Method.java:578)
at org.testng.internal.MethodInvocationHelper.invokeMethod(MethodInvocationHelper.java:133)
at org.testng.internal.TestInvoker.invokeMethod(TestInvoker.java:598)
at org.testng.internal.TestInvoker.invokeTestMethod(TestInvoker.java:173)
at org.testng.internal.MethodRunner.runInSequence(MethodRunner.java:46)
at org.testng.internal.TestInvoker$MethodInvocationAgent.invoke(TestInvoker.java:824)
at org.testng.internal.TestInvoker.invokeTestMethods(TestInvoker.java:146)
at org.testng.internal.TestMethodWorker.invokeTestMethods(TestMethodWorker.java:146)
at org.testng.internal.TestMethodWorker.run(TestMethodWorker.java:128)
at java.base/java.util.ArrayList.forEach(ArrayList.java:1511)
at org.testng.TestRunner.privateRun(TestRunner.java:794)
at org.testng.TestRunner.run(TestRunner.java:596)
at org.testng.SuiteRunner.runTest(SuiteRunner.java:377)
at org.testng.SuiteRunner.runSequentially(SuiteRunner.java:371)
at org.testng.SuiteRunner.privateRun(SuiteRunner.java:332)
at org.testng.SuiteRunner.run(SuiteRunner.java:276)
at org.testng.SuiteRunnerWorker.runSuite(SuiteRunnerWorker.java:53)
at org.testng.SuiteRunnerWorker.run(SuiteRunnerWorker.java:96)
at org.testng.TestNG.runSuitesSequentially(TestNG.java:1212)
at org.testng.TestNG.runSuitesLocally(TestNG.java:1134)
at org.testng.TestNG.runSuites(TestNG.java:1063)
at org.testng.TestNG.run(TestNG.java:1031)
at org.testng.remote.AbstractRemoteTestNG.run(AbstractRemoteTestNG.java:115)
at org.testng.remote.RemoteTestNG.initAndRun(RemoteTestNG.java:251)
at org.testng.remote.RemoteTestNG.main(RemoteTestNG.java:77)
]]>
            </full-stacktrace>
          </exception> <!-- org.openqa.selenium.NoSuchElementException -->
          <reporter-output>
          </reporter-output>
        </test-method> <!-- addQuantity -->
        <test-method signature="cartVerification()[pri:2, instance:driverFactory.TestDrive@61322f9d]" started-at="2023-05-31T00:08:20 IST" name="cartVerification" description="Test Get API and Validate Cart Price" finished-at="2023-05-31T00:08:30 IST" duration-ms="10309" status="FAIL">
          <exception class="org.openqa.selenium.NoSuchElementException">
            <message>
              <![CDATA[no such element: Unable to locate element: {"method":"xpath","selector":"//span[normalize-space()='$160.00']"}
  (Session info: chrome=113.0.5672.127)
For documentation on this error, please visit: http://seleniumhq.org/exceptions/no_such_element.html
Build info: version: '3.14.0', revision: 'aacccce0', time: '2018-08-02T20:19:58.91Z'
System info: host: 'MUKESH-PC', ip: '192.168.252.230', os.name: 'Windows 10', os.arch: 'amd64', os.version: '10.0', java.version: '19.0.2'
Driver info: org.openqa.selenium.chrome.ChromeDriver
Capabilities {acceptInsecureCerts: false, browserName: chrome, browserVersion: 113.0.5672.127, chrome: {chromedriverVersion: 113.0.5672.63 (0e1a4471d5ae..., userDataDir: C:\Users\MUKESH\AppData\Loc...}, goog:chromeOptions: {debuggerAddress: localhost:53998}, javascriptEnabled: true, networkConnectionEnabled: false, pageLoadStrategy: normal, platform: WINDOWS, platformName: WINDOWS, proxy: Proxy(), setWindowRect: true, strictFileInteractability: false, timeouts: {implicit: 0, pageLoad: 300000, script: 30000}, unhandledPromptBehavior: dismiss and notify, webauthn:extension:credBlob: true, webauthn:extension:largeBlob: true, webauthn:extension:minPinLength: true, webauthn:extension:prf: true, webauthn:virtualAuthenticators: true}
Session ID: ea0f07147ca0891aec38005ed53ac2ec
*** Element info: {Using=xpath, value=//span[normalize-space()='$160.00']}]]>
            </message>
            <full-stacktrace>
              <![CDATA[org.openqa.selenium.NoSuchElementException: no such element: Unable to locate element: {"method":"xpath","selector":"//span[normalize-space()='$160.00']"}
  (Session info: chrome=113.0.5672.127)
For documentation on this error, please visit: http://seleniumhq.org/exceptions/no_such_element.html
Build info: version: '3.14.0', revision: 'aacccce0', time: '2018-08-02T20:19:58.91Z'
System info: host: 'MUKESH-PC', ip: '192.168.252.230', os.name: 'Windows 10', os.arch: 'amd64', os.version: '10.0', java.version: '19.0.2'
Driver info: org.openqa.selenium.chrome.ChromeDriver
Capabilities {acceptInsecureCerts: false, browserName: chrome, browserVersion: 113.0.5672.127, chrome: {chromedriverVersion: 113.0.5672.63 (0e1a4471d5ae..., userDataDir: C:\Users\MUKESH\AppData\Loc...}, goog:chromeOptions: {debuggerAddress: localhost:53998}, javascriptEnabled: true, networkConnectionEnabled: false, pageLoadStrategy: normal, platform: WINDOWS, platformName: WINDOWS, proxy: Proxy(), setWindowRect: true, strictFileInteractability: false, timeouts: {implicit: 0, pageLoad: 300000, script: 30000}, unhandledPromptBehavior: dismiss and notify, webauthn:extension:credBlob: true, webauthn:extension:largeBlob: true, webauthn:extension:minPinLength: true, webauthn:extension:prf: true, webauthn:virtualAuthenticators: true}
Session ID: ea0f07147ca0891aec38005ed53ac2ec
*** Element info: {Using=xpath, value=//span[normalize-space()='$160.00']}
at java.base/jdk.internal.reflect.DirectConstructorHandleAccessor.newInstance(DirectConstructorHandleAccessor.java:67)
at java.base/java.lang.reflect.Constructor.newInstanceWithCaller(Constructor.java:500)
at java.base/java.lang.reflect.Constructor.newInstance(Constructor.java:484)
at org.openqa.selenium.remote.http.W3CHttpResponseCodec.createException(W3CHttpResponseCodec.java:187)
at org.openqa.selenium.remote.http.W3CHttpResponseCodec.decode(W3CHttpResponseCodec.java:122)
at org.openqa.selenium.remote.http.W3CHttpResponseCodec.decode(W3CHttpResponseCodec.java:49)
at org.openqa.selenium.remote.HttpCommandExecutor.execute(HttpCommandExecutor.java:158)
at org.openqa.selenium.remote.service.DriverCommandExecutor.execute(DriverCommandExecutor.java:83)
at org.openqa.selenium.remote.RemoteWebDriver.execute(RemoteWebDriver.java:548)
at org.openqa.selenium.remote.RemoteWebDriver.findElement(RemoteWebDriver.java:322)
at org.openqa.selenium.remote.RemoteWebDriver.findElementByXPath(RemoteWebDriver.java:424)
at org.openqa.selenium.By$ByXPath.findElement(By.java:353)
at org.openqa.selenium.remote.RemoteWebDriver.findElement(RemoteWebDriver.java:314)
at commonFunction.CartPage.verifyPrice(CartPage.java:23)
at driverFactory.TestDrive.cartVerification(TestDrive.java:42)
at java.base/jdk.internal.reflect.DirectMethodHandleAccessor.invoke(DirectMethodHandleAccessor.java:104)
at java.base/java.lang.reflect.Method.invoke(Method.java:578)
at org.testng.internal.MethodInvocationHelper.invokeMethod(MethodInvocationHelper.java:133)
at org.testng.internal.TestInvoker.invokeMethod(TestInvoker.java:598)
at org.testng.internal.TestInvoker.invokeTestMethod(TestInvoker.java:173)
at org.testng.internal.MethodRunner.runInSequence(MethodRunner.java:46)
at org.testng.internal.TestInvoker$MethodInvocationAgent.invoke(TestInvoker.java:824)
at org.testng.internal.TestInvoker.invokeTestMethods(TestInvoker.java:146)
at org.testng.internal.TestMethodWorker.invokeTestMethods(TestMethodWorker.java:146)
at org.testng.internal.TestMethodWorker.run(TestMethodWorker.java:128)
at java.base/java.util.ArrayList.forEach(ArrayList.java:1511)
at org.testng.TestRunner.privateRun(TestRunner.java:794)
at org.testng.TestRunner.run(TestRunner.java:596)
at org.testng.SuiteRunner.runTest(SuiteRunner.java:377)
at org.testng.SuiteRunner.runSequentially(SuiteRunner.java:371)
at org.testng.SuiteRunner.privateRun(SuiteRunner.java:332)
at org.testng.SuiteRunner.run(SuiteRunner.java:276)
at org.testng.SuiteRunnerWorker.runSuite(SuiteRunnerWorker.java:53)
at org.testng.SuiteRunnerWorker.run(SuiteRunnerWorker.java:96)
at org.testng.TestNG.runSuitesSequentially(TestNG.java:1212)
at org.testng.TestNG.runSuitesLocally(TestNG.java:1134)
at org.testng.TestNG.runSuites(TestNG.java:1063)
at org.testng.TestNG.run(TestNG.java:1031)
at org.testng.remote.AbstractRemoteTestNG.run(AbstractRemoteTestNG.java:115)
at org.testng.remote.RemoteTestNG.initAndRun(RemoteTestNG.java:251)
at org.testng.remote.RemoteTestNG.main(RemoteTestNG.java:77)
]]>
            </full-stacktrace>
          </exception> <!-- org.openqa.selenium.NoSuchElementException -->
          <reporter-output>
          </reporter-output>
        </test-method> <!-- cartVerification -->
        <test-method is-config="true" signature="close()[pri:0, instance:driverFactory.TestDrive@61322f9d]" started-at="2023-05-31T00:08:30 IST" name="close" finished-at="2023-05-31T00:08:33 IST" duration-ms="2879" status="PASS">
          <reporter-output>
            <line>
              <![CDATA[=====Browser Session End=====]]>
            </line>
          </reporter-output>
        </test-method> <!-- close -->
      </class> <!-- driverFactory.TestDrive -->
    </test> <!-- Default test -->
  </suite> <!-- Default suite -->
</testng-results>
